2026-05-08 07:12:19,232 [INFO] Lancement du script de prétraitement
2026-05-08 07:12:19,232 [ERROR] Le dossier training est introuvable : Data/Data/Data/training
2026-05-08 07:12:19,232 [INFO] Prétraitement effectué.
2026-05-08 07:38:27,430 [INFO] Lancement du script de prétraitement
2026-05-08 07:39:19,023 [INFO] Lancement du script de prétraitement
2026-05-08 07:39:19,025 [INFO] Début du traitement : 100 patients trouvés.
2026-05-08 07:39:19,031 [WARNING] Fichiers manquants pour le patient patient015. Skip.
2026-05-08 07:39:19,031 [WARNING] Fichiers manquants pour le patient patient012. Skip.
2026-05-08 07:39:19,032 [WARNING] Fichiers manquants pour le patient patient024. Skip.
2026-05-08 07:39:19,032 [WARNING] Fichiers manquants pour le patient patient023. Skip.
2026-05-08 07:39:19,033 [WARNING] Fichiers manquants pour le patient patient048. Skip.
2026-05-08 07:39:19,033 [WARNING] Fichiers manquants pour le patient patient083. Skip.
2026-05-08 07:39:19,033 [WARNING] Fichiers manquants pour le patient patient077. Skip.
2026-05-08 07:39:19,033 [WARNING] Fichiers manquants pour le patient patient070. Skip.
2026-05-08 07:39:19,033 [WARNING] Fichiers manquants pour le patient patient084. Skip.
2026-05-08 07:39:19,033 [WARNING] Fichiers manquants pour le patient patient079. Skip.
2026-05-08 07:39:19,033 [WARNING] Fichiers manquants pour le patient patient046. Skip.
2026-05-08 07:39:19,033 [WARNING] Fichiers manquants pour le patient patient041. Skip.
2026-05-08 07:39:19,033 [WARNING] Fichiers manquants pour le patient patient022. Skip.
2026-05-08 07:39:19,033 [WARNING] Fichiers manquants pour le patient patient025. Skip.
2026-05-08 07:39:19,033 [WARNING] Fichiers manquants pour le patient patient013. Skip.
2026-05-08 07:39:19,033 [WARNING] Fichiers manquants pour le patient patient014. Skip.
2026-05-08 07:39:19,033 [WARNING] Fichiers manquants pour le patient patient040. Skip.
2026-05-08 07:39:19,033 [WARNING] Fichiers manquants pour le patient patient078. Skip.
2026-05-08 07:39:19,034 [WARNING] Fichiers manquants pour le patient patient047. Skip.
2026-05-08 07:39:19,034 [WARNING] Fichiers manquants pour le patient patient085. Skip.
2026-05-08 07:39:19,034 [WARNING] Fichiers manquants pour le patient patient071. Skip.
2026-05-08 07:39:19,034 [WARNING] Fichiers manquants pour le patient patient049. Skip.
2026-05-08 07:39:19,034 [WARNING] Fichiers manquants pour le patient patient076. Skip.
2026-05-08 07:39:19,034 [WARNING] Fichiers manquants pour le patient patient082. Skip.
2026-05-08 07:39:19,034 [WARNING] Fichiers manquants pour le patient patient054. Skip.
2026-05-08 07:39:19,034 [WARNING] Fichiers manquants pour le patient patient053. Skip.
2026-05-08 07:39:19,035 [WARNING] Fichiers manquants pour le patient patient098. Skip.
2026-05-08 07:39:19,035 [WARNING] Fichiers manquants pour le patient patient091. Skip.
2026-05-08 07:39:19,035 [WARNING] Fichiers manquants pour le patient patient065. Skip.
2026-05-08 07:39:19,035 [WARNING] Fichiers manquants pour le patient patient062. Skip.
2026-05-08 07:39:19,036 [WARNING] Fichiers manquants pour le patient patient096. Skip.
2026-05-08 07:39:19,036 [WARNING] Fichiers manquants pour le patient patient009. Skip.
2026-05-08 07:39:19,036 [WARNING] Fichiers manquants pour le patient patient036. Skip.
2026-05-08 07:39:19,036 [WARNING] Fichiers manquants pour le patient patient031. Skip.
2026-05-08 07:39:19,036 [WARNING] Fichiers manquants pour le patient patient038. Skip.
2026-05-08 07:39:19,036 [WARNING] Fichiers manquants pour le patient patient007. Skip.
2026-05-08 07:39:19,036 [WARNING] Fichiers manquants pour le patient patient097. Skip.
2026-05-08 07:39:19,036 [WARNING] Fichiers manquants pour le patient patient063. Skip.
2026-05-08 07:39:19,036 [WARNING] Fichiers manquants pour le patient patient064. Skip.
2026-05-08 07:39:19,036 [WARNING] Fichiers manquants pour le patient patient090. Skip.
2026-05-08 07:39:19,037 [WARNING] Fichiers manquants pour le patient patient052. Skip.
2026-05-08 07:39:19,037 [WARNING] Fichiers manquants pour le patient patient099. Skip.
2026-05-08 07:39:19,037 [WARNING] Fichiers manquants pour le patient patient055. Skip.
2026-05-08 07:39:19,037 [WARNING] Fichiers manquants pour le patient patient001. Skip.
2026-05-08 07:39:19,037 [WARNING] Fichiers manquants pour le patient patient039. Skip.
2026-05-08 07:39:19,037 [WARNING] Fichiers manquants pour le patient patient006. Skip.
2026-05-08 07:39:19,037 [WARNING] Fichiers manquants pour le patient patient030. Skip.
2026-05-08 07:39:19,037 [WARNING] Fichiers manquants pour le patient patient008. Skip.
2026-05-08 07:39:19,037 [WARNING] Fichiers manquants pour le patient patient037. Skip.
2026-05-08 07:39:19,037 [WARNING] Fichiers manquants pour le patient patient073. Skip.
2026-05-08 07:39:19,037 [WARNING] Fichiers manquants pour le patient patient087. Skip.
2026-05-08 07:39:19,037 [WARNING] Fichiers manquants pour le patient patient080. Skip.
2026-05-08 07:39:19,038 [WARNING] Fichiers manquants pour le patient patient074. Skip.
2026-05-08 07:39:19,039 [WARNING] Fichiers manquants pour le patient patient089. Skip.
2026-05-08 07:39:19,039 [WARNING] Fichiers manquants pour le patient patient042. Skip.
2026-05-08 07:39:19,039 [WARNING] Fichiers manquants pour le patient patient045. Skip.
2026-05-08 07:39:19,039 [WARNING] Fichiers manquants pour le patient patient011. Skip.
2026-05-08 07:39:19,039 [WARNING] Fichiers manquants pour le patient patient016. Skip.
2026-05-08 07:39:19,039 [WARNING] Fichiers manquants pour le patient patient029. Skip.
2026-05-08 07:39:19,039 [WARNING] Fichiers manquants pour le patient patient020. Skip.
2026-05-08 07:39:19,039 [WARNING] Fichiers manquants pour le patient patient027. Skip.
2026-05-08 07:39:19,039 [WARNING] Fichiers manquants pour le patient patient018. Skip.
2026-05-08 07:39:19,039 [WARNING] Fichiers manquants pour le patient patient044. Skip.
2026-05-08 07:39:19,039 [WARNING] Fichiers manquants pour le patient patient088. Skip.
2026-05-08 07:39:19,039 [WARNING] Fichiers manquants pour le patient patient043. Skip.
2026-05-08 07:39:19,039 [WARNING] Fichiers manquants pour le patient patient075. Skip.
2026-05-08 07:39:19,039 [WARNING] Fichiers manquants pour le patient patient081. Skip.
2026-05-08 07:39:19,039 [WARNING] Fichiers manquants pour le patient patient086. Skip.
2026-05-08 07:39:19,040 [WARNING] Fichiers manquants pour le patient patient072. Skip.
2026-05-08 07:39:19,040 [WARNING] Fichiers manquants pour le patient patient026. Skip.
2026-05-08 07:39:19,040 [WARNING] Fichiers manquants pour le patient patient019. Skip.
2026-05-08 07:39:19,040 [WARNING] Fichiers manquants pour le patient patient021. Skip.
2026-05-08 07:39:19,040 [WARNING] Fichiers manquants pour le patient patient017. Skip.
2026-05-08 07:39:19,040 [WARNING] Fichiers manquants pour le patient patient028. Skip.
2026-05-08 07:39:19,040 [WARNING] Fichiers manquants pour le patient patient010. Skip.
2026-05-08 07:39:19,040 [WARNING] Fichiers manquants pour le patient patient100. Skip.
2026-05-08 07:39:19,040 [WARNING] Fichiers manquants pour le patient patient032. Skip.
2026-05-08 07:39:19,040 [WARNING] Fichiers manquants pour le patient patient035. Skip.
2026-05-08 07:39:19,040 [WARNING] Fichiers manquants pour le patient patient003. Skip.
2026-05-08 07:39:19,040 [WARNING] Fichiers manquants pour le patient patient004. Skip.
2026-05-08 07:39:19,040 [WARNING] Fichiers manquants pour le patient patient050. Skip.
2026-05-08 07:39:19,041 [WARNING] Fichiers manquants pour le patient patient057. Skip.
2026-05-08 07:39:19,041 [WARNING] Fichiers manquants pour le patient patient068. Skip.
2026-05-08 07:39:19,041 [WARNING] Fichiers manquants pour le patient patient061. Skip.
2026-05-08 07:39:19,041 [WARNING] Fichiers manquants pour le patient patient095. Skip.
2026-05-08 07:39:19,041 [WARNING] Fichiers manquants pour le patient patient092. Skip.
2026-05-08 07:39:19,041 [WARNING] Fichiers manquants pour le patient patient066. Skip.
2026-05-08 07:39:19,041 [WARNING] Fichiers manquants pour le patient patient059. Skip.
2026-05-08 07:39:19,041 [WARNING] Fichiers manquants pour le patient patient005. Skip.
2026-05-08 07:39:19,041 [WARNING] Fichiers manquants pour le patient patient002. Skip.
2026-05-08 07:39:19,041 [WARNING] Fichiers manquants pour le patient patient034. Skip.
2026-05-08 07:39:19,042 [WARNING] Fichiers manquants pour le patient patient033. Skip.
2026-05-08 07:39:19,042 [WARNING] Fichiers manquants pour le patient patient067. Skip.
2026-05-08 07:39:19,042 [WARNING] Fichiers manquants pour le patient patient093. Skip.
2026-05-08 07:39:19,042 [WARNING] Fichiers manquants pour le patient patient058. Skip.
2026-05-08 07:39:19,042 [WARNING] Fichiers manquants pour le patient patient094. Skip.
2026-05-08 07:39:19,042 [WARNING] Fichiers manquants pour le patient patient060. Skip.
2026-05-08 07:39:19,042 [WARNING] Fichiers manquants pour le patient patient056. Skip.
2026-05-08 07:39:19,042 [WARNING] Fichiers manquants pour le patient patient069. Skip.
2026-05-08 07:39:19,042 [WARNING] Fichiers manquants pour le patient patient051. Skip.
2026-05-08 07:39:19,042 [INFO] Prétraitement effectué.
2026-05-08 07:41:24,016 [INFO] Lancement du script de prétraitement
2026-05-08 07:41:24,016 [INFO] Début du traitement : 100 patients trouvés.
2026-05-08 07:41:27,426 [WARNING] Fichiers manquants pour le patient patient090. Skip.
2026-05-08 07:41:28,849 [INFO] Prétraitement effectué.
2026-05-08 07:42:36,104 [INFO] Lancement du script de prétraitement
2026-05-08 07:42:36,105 [INFO] Début du traitement : 100 patients trouvés.
2026-05-08 07:42:36,919 [WARNING] Fichiers manquants pour le patient patient090. Skip.
2026-05-08 07:42:38,284 [INFO] Prétraitement effectué.
2026-05-08 07:56:44,150 [INFO] Lancement du script de prétraitement
2026-05-08 07:56:44,151 [INFO] Début du traitement : 100 patients trouvés.
2026-05-08 07:56:45,028 [WARNING] Fichiers manquants pour le patient patient090. Skip.
2026-05-08 07:56:46,491 [INFO] Prétraitement effectué.
